test
-- Using CATKIN_DEVEL_PREFIX: /home/liu_xu/liuxu_Documents/catkin_unitree/devel
-- Using CMAKE_PREFIX_PATH: /opt/openrobots;/opt/ros/noetic;/opt/openrobots
-- This workspace overlays: /opt/ros/noetic
-- Found PythonInterp: /home/liu_xu/anaconda3/envs/main_use/bin/python3 (found suitable version "3.10.13", minimum required is "3") 
-- Using PYTHON_EXECUTABLE: /home/liu_xu/anaconda3/envs/main_use/bin/python3
-- Using Debian Python package layout
-- Using empy: /home/liu_xu/anaconda3/envs/main_use/lib/python3.10/site-packages/em.py
-- Using CATKIN_ENABLE_TESTING: ON
-- Call enable_testing()
-- Using CATKIN_TEST_RESULTS_DIR: /home/liu_xu/liuxu_Documents/catkin_unitree/build/test_results
-- Forcing gtest/gmock from source, though one was otherwise available.
-- Found gtest sources under '/usr/src/googletest': gtests will be built
-- Found gmock sources under '/usr/src/googletest': gmock will be built
CMake Deprecation Warning at /usr/src/googletest/CMakeLists.txt:4 (cmake_minimum_required):
  Compatibility with CMake < 2.8.12 will be removed from a future version of
  CMake.

  Update the VERSION argument <min> value or use a ...<max> suffix to tell
  CMake that the project does not need compatibility with older versions.


CMake Deprecation Warning at /usr/src/googletest/googlemock/CMakeLists.txt:45 (cmake_minimum_required):
  Compatibility with CMake < 2.8.12 will be removed from a future version of
  CMake.

  Update the VERSION argument <min> value or use a ...<max> suffix to tell
  CMake that the project does not need compatibility with older versions.


CMake Deprecation Warning at /usr/src/googletest/googletest/CMakeLists.txt:56 (cmake_minimum_required):
  Compatibility with CMake < 2.8.12 will be removed from a future version of
  CMake.

  Update the VERSION argument <min> value or use a ...<max> suffix to tell
  CMake that the project does not need compatibility with older versions.


-- Found PythonInterp: /home/liu_xu/anaconda3/envs/main_use/bin/python3 (found version "3.10.13") 
-- Using Python nosetests: /usr/bin/nosetests3
-- catkin 0.8.10
-- BUILD_SHARED_LIBS is on
-- BUILD_SHARED_LIBS is on
WARNING: Package name "aliengoZ1_description" does not follow the naming conventions. It should start with a lower case letter and only contain lower case letters, digits, underscores, and dashes.
-- ~~~~~~~~~~~~~~~~~~~~~~~~~~~~~~~~~~~~~~~~~~~~~~~~~
-- ~~  traversing 21 packages in topological order:
-- ~~  - a1_description
-- ~~  - aliengo_description
-- ~~  - b1_description
-- ~~  - go1_description
-- ~~  - laikago_description
-- ~~  - unitree_legged_msgs
-- ~~  - unitree_legged_control
-- ~~  - unitree_legged_real
-- ~~  - unitree_motor_ctrl
-- ~~  - b2_description
-- ~~  - b2w_description
-- ~~  - g1_description
-- ~~  - go2_description
-- ~~  - h1_description
-- ~~  - unitree_controller
-- ~~  - unitree_gazebo
-- ~~  - unitree_guide
-- ~~  - rl_l2gar
-- ~~  - unitree_move_base
-- ~~  - aliengoZ1_description
-- ~~  - z1_description
-- ~~~~~~~~~~~~~~~~~~~~~~~~~~~~~~~~~~~~~~~~~~~~~~~~~
-- +++ processing catkin package: 'a1_description'
-- ==> add_subdirectory(unitree_ros/robots/a1_description)
CMake Deprecation Warning at unitree_ros/robots/a1_description/CMakeLists.txt:1 (cmake_minimum_required):
  Compatibility with CMake < 2.8.12 will be removed from a future version of
  CMake.

  Update the VERSION argument <min> value or use a ...<max> suffix to tell
  CMake that the project does not need compatibility with older versions.


-- Using these message generators: gencpp;geneus;genlisp;gennodejs;genpy
-- +++ processing catkin package: 'aliengo_description'
-- ==> add_subdirectory(unitree_ros/robots/aliengo_description)
CMake Deprecation Warning at unitree_ros/robots/aliengo_description/CMakeLists.txt:1 (cmake_minimum_required):
  Compatibility with CMake < 2.8.12 will be removed from a future version of
  CMake.

  Update the VERSION argument <min> value or use a ...<max> suffix to tell
  CMake that the project does not need compatibility with older versions.


-- Using these message generators: gencpp;geneus;genlisp;gennodejs;genpy
-- +++ processing catkin package: 'b1_description'
-- ==> add_subdirectory(unitree_ros/robots/b1_description)
CMake Deprecation Warning at unitree_ros/robots/b1_description/CMakeLists.txt:1 (cmake_minimum_required):
  Compatibility with CMake < 2.8.12 will be removed from a future version of
  CMake.

  Update the VERSION argument <min> value or use a ...<max> suffix to tell
  CMake that the project does not need compatibility with older versions.


-- Using these message generators: gencpp;geneus;genlisp;gennodejs;genpy
-- +++ processing catkin package: 'go1_description'
-- ==> add_subdirectory(unitree_ros/robots/go1_description)
CMake Deprecation Warning at unitree_ros/robots/go1_description/CMakeLists.txt:1 (cmake_minimum_required):
  Compatibility with CMake < 2.8.12 will be removed from a future version of
  CMake.

  Update the VERSION argument <min> value or use a ...<max> suffix to tell
  CMake that the project does not need compatibility with older versions.


-- Using these message generators: gencpp;geneus;genlisp;gennodejs;genpy
-- +++ processing catkin package: 'laikago_description'
-- ==> add_subdirectory(unitree_ros/robots/laikago_description)
CMake Deprecation Warning at unitree_ros/robots/laikago_description/CMakeLists.txt:1 (cmake_minimum_required):
  Compatibility with CMake < 2.8.12 will be removed from a future version of
  CMake.

  Update the VERSION argument <min> value or use a ...<max> suffix to tell
  CMake that the project does not need compatibility with older versions.


-- Using these message generators: gencpp;geneus;genlisp;gennodejs;genpy
-- +++ processing catkin package: 'unitree_legged_msgs'
-- ==> add_subdirectory(unitree_ros/unitree_ros_to_real/unitree_legged_msgs)
CMake Deprecation Warning at unitree_ros/unitree_ros_to_real/unitree_legged_msgs/CMakeLists.txt:1 (cmake_minimum_required):
  Compatibility with CMake < 2.8.12 will be removed from a future version of
  CMake.

  Update the VERSION argument <min> value or use a ...<max> suffix to tell
  CMake that the project does not need compatibility with older versions.


-- Using these message generators: gencpp;geneus;genlisp;gennodejs;genpy
-- unitree_legged_msgs: 9 messages, 0 services
-- +++ processing catkin package: 'unitree_legged_control'
-- ==> add_subdirectory(unitree_ros/unitree_legged_control)
CMake Deprecation Warning at unitree_ros/unitree_legged_control/CMakeLists.txt:1 (cmake_minimum_required):
  Compatibility with CMake < 2.8.12 will be removed from a future version of
  CMake.

  Update the VERSION argument <min> value or use a ...<max> suffix to tell
  CMake that the project does not need compatibility with older versions.


-- +++ processing catkin package: 'unitree_legged_real'
-- ==> add_subdirectory(unitree_ros/unitree_ros_to_real/unitree_legged_real)
CMake Deprecation Warning at unitree_ros/unitree_ros_to_real/unitree_legged_real/CMakeLists.txt:1 (cmake_minimum_required):
  Compatibility with CMake < 2.8.12 will be removed from a future version of
  CMake.

  Update the VERSION argument <min> value or use a ...<max> suffix to tell
  CMake that the project does not need compatibility with older versions.


-- +++ processing catkin package: 'unitree_motor_ctrl'
-- ==> add_subdirectory(unitree_guide/unitree_actuator_sdk/unitree_motor_ctrl)
CMake Deprecation Warning at unitree_guide/unitree_actuator_sdk/unitree_motor_ctrl/CMakeLists.txt:1 (cmake_minimum_required):
  Compatibility with CMake < 2.8.12 will be removed from a future version of
  CMake.

  Update the VERSION argument <min> value or use a ...<max> suffix to tell
  CMake that the project does not need compatibility with older versions.


-- +++ processing catkin package: 'b2_description'
-- ==> add_subdirectory(unitree_ros/robots/b2_description)
CMake Deprecation Warning at unitree_ros/robots/b2_description/CMakeLists.txt:1 (cmake_minimum_required):
  Compatibility with CMake < 2.8.12 will be removed from a future version of
  CMake.

  Update the VERSION argument <min> value or use a ...<max> suffix to tell
  CMake that the project does not need compatibility with older versions.


-- +++ processing catkin package: 'b2w_description'
-- ==> add_subdirectory(unitree_ros/robots/b2w_description)
CMake Deprecation Warning at unitree_ros/robots/b2w_description/CMakeLists.txt:1 (cmake_minimum_required):
  Compatibility with CMake < 2.8.12 will be removed from a future version of
  CMake.

  Update the VERSION argument <min> value or use a ...<max> suffix to tell
  CMake that the project does not need compatibility with older versions.


-- +++ processing catkin package: 'g1_description'
-- ==> add_subdirectory(unitree_ros/robots/g1_description)
CMake Deprecation Warning at unitree_ros/robots/g1_description/CMakeLists.txt:1 (cmake_minimum_required):
  Compatibility with CMake < 2.8.12 will be removed from a future version of
  CMake.

  Update the VERSION argument <min> value or use a ...<max> suffix to tell
  CMake that the project does not need compatibility with older versions.


-- +++ processing catkin package: 'go2_description'
-- ==> add_subdirectory(unitree_ros/robots/go2_description)
CMake Deprecation Warning at unitree_ros/robots/go2_description/CMakeLists.txt:1 (cmake_minimum_required):
  Compatibility with CMake < 2.8.12 will be removed from a future version of
  CMake.

  Update the VERSION argument <min> value or use a ...<max> suffix to tell
  CMake that the project does not need compatibility with older versions.


-- +++ processing catkin package: 'h1_description'
-- ==> add_subdirectory(unitree_ros/robots/h1_description)
CMake Deprecation Warning at unitree_ros/robots/h1_description/CMakeLists.txt:1 (cmake_minimum_required):
  Compatibility with CMake < 2.8.12 will be removed from a future version of
  CMake.

  Update the VERSION argument <min> value or use a ...<max> suffix to tell
  CMake that the project does not need compatibility with older versions.


-- +++ processing catkin package: 'unitree_controller'
-- ==> add_subdirectory(unitree_ros/unitree_controller)
CMake Deprecation Warning at unitree_ros/unitree_controller/CMakeLists.txt:1 (cmake_minimum_required):
  Compatibility with CMake < 2.8.12 will be removed from a future version of
  CMake.

  Update the VERSION argument <min> value or use a ...<max> suffix to tell
  CMake that the project does not need compatibility with older versions.


-- Using these message generators: gencpp;geneus;genlisp;gennodejs;genpy
CMake Warning (dev) at /usr/local/share/cmake-3.22/Modules/FindPackageHandleStandardArgs.cmake:438 (message):
  The package name passed to `find_package_handle_standard_args` (PkgConfig)
  does not match the name of the calling package (gazebo).  This can lead to
  problems in calling code that expects `find_package` result variables
  (e.g., `_FOUND`) to follow a certain pattern.
Call Stack (most recent call first):
  /usr/local/share/cmake-3.22/Modules/FindPkgConfig.cmake:99 (find_package_handle_standard_args)
  /usr/lib/x86_64-linux-gnu/cmake/gazebo/gazebo-config.cmake:72 (include)
  unitree_ros/unitree_controller/CMakeLists.txt:17 (find_package)
This warning is for project developers.  Use -Wno-dev to suppress it.

-- Found DART: /usr/include (Required is at least version "6.6") found components: dart 
-- Found Boost: /usr/local/include (found suitable version "1.67.0", minimum required is "1.40.0") found components: thread system filesystem program_options regex iostreams date_time chrono atomic 
-- Found Protobuf: /usr/lib/x86_64-linux-gnu/libprotobuf.so;-lpthread (found version "3.6.1") 
-- Looking for ignition-math6 -- found version 6.15.1
-- Searching for dependencies of ignition-math6
-- Looking for OGRE...
-- Found Ogre Ghadamon (1.9.0)
-- Found OGRE: optimized;/usr/lib/x86_64-linux-gnu/libOgreMain.so;debug;/usr/lib/x86_64-linux-gnu/libOgreMain.so
CMake Warning (dev) at /usr/local/share/cmake-3.22/Modules/FindBoost.cmake:1496 (if):
  Policy CMP0054 is not set: Only interpret if() arguments as variables or
  keywords when unquoted.  Run "cmake --help-policy CMP0054" for policy
  details.  Use the cmake_policy command to set the policy and suppress this
  warning.

  Quoted variables like "chrono" will no longer be dereferenced when the
  policy is set to NEW.  Since the policy is not set the OLD behavior will be
  used.
Call Stack (most recent call first):
  /usr/local/share/cmake-3.22/Modules/FindBoost.cmake:2102 (_Boost_MISSING_DEPENDENCIES)
  /usr/share/OGRE/cmake/modules/FindOGRE.cmake:318 (find_package)
  /usr/lib/x86_64-linux-gnu/cmake/gazebo/gazebo-config.cmake:213 (find_package)
  unitree_ros/unitree_controller/CMakeLists.txt:17 (find_package)
This warning is for project developers.  Use -Wno-dev to suppress it.

-- Looking for OGRE_Paging...
-- Found OGRE_Paging: optimized;/usr/lib/x86_64-linux-gnu/libOgrePaging.so;debug;/usr/lib/x86_64-linux-gnu/libOgrePaging.so
-- Looking for OGRE_Terrain...
-- Found OGRE_Terrain: optimized;/usr/lib/x86_64-linux-gnu/libOgreTerrain.so;debug;/usr/lib/x86_64-linux-gnu/libOgreTerrain.so
-- Looking for OGRE_Property...
-- Found OGRE_Property: optimized;/usr/lib/x86_64-linux-gnu/libOgreProperty.so;debug;/usr/lib/x86_64-linux-gnu/libOgreProperty.so
-- Looking for OGRE_RTShaderSystem...
-- Found OGRE_RTShaderSystem: optimized;/usr/lib/x86_64-linux-gnu/libOgreRTShaderSystem.so;debug;/usr/lib/x86_64-linux-gnu/libOgreRTShaderSystem.so
-- Looking for OGRE_Volume...
-- Found OGRE_Volume: optimized;/usr/lib/x86_64-linux-gnu/libOgreVolume.so;debug;/usr/lib/x86_64-linux-gnu/libOgreVolume.so
-- Looking for OGRE_Overlay...
-- Found OGRE_Overlay: optimized;/usr/lib/x86_64-linux-gnu/libOgreOverlay.so;debug;/usr/lib/x86_64-linux-gnu/libOgreOverlay.so
-- Looking for ignition-math6 -- found version 6.15.1
-- Looking for ignition-transport8 -- found version 8.3.0
-- Searching for dependencies of ignition-transport8
-- Found Protobuf: /usr/lib/x86_64-linux-gnu/libprotobuf.so;-lpthread (found suitable version "3.6.1", minimum required is "3") 
-- Config-file not installed for ZeroMQ -- checking for pkg-config
-- Checking for module 'libzmq >= 4'
--   Found libzmq , version 4.3.2
-- Checking for module 'uuid'
--   Found uuid, version 2.34.0
-- Looking for ignition-msgs5 -- found version 5.10.0
-- Searching for dependencies of ignition-msgs5
-- Looking for ignition-math6 -- found version 6.15.1
-- Checking for module 'tinyxml2'
--   Found tinyxml2, version 9.0.0
-- Looking for ignition-msgs5 -- found version 5.10.0
-- Looking for ignition-common3 -- found version 3.14.2
-- Searching for dependencies of ignition-common3
-- Looking for dlfcn.h - found
-- Looking for libdl - found
-- Searching for <ignition-common3> component [graphics]
-- Looking for ignition-common3-graphics -- found version 3.14.2
-- Searching for dependencies of ignition-common3-graphics
-- Looking for ignition-math6 -- found version 6.15.1
-- Looking for ignition-fuel_tools4 -- found version 4.6.0
-- Searching for dependencies of ignition-fuel_tools4
-- Checking for module 'jsoncpp'
--   Found jsoncpp, version 1.7.4
-- Checking for module 'yaml-0.1'
--   Found yaml-0.1, version 0.2.2
-- Checking for module 'libzip'
--   Found libzip, version 1.5.1
-- Looking for ignition-common3 -- found version 3.14.2
-- Looking for ignition-math6 -- found version 6.15.1
-- Looking for ignition-msgs5 -- found version 5.10.0
-- Found Boost: /usr/local/include (found version "1.67.0") found components: system 
-- +++ processing catkin package: 'unitree_gazebo'
-- ==> add_subdirectory(unitree_ros/unitree_gazebo)
CMake Deprecation Warning at unitree_ros/unitree_gazebo/CMakeLists.txt:1 (cmake_minimum_required):
  Compatibility with CMake < 2.8.12 will be removed from a future version of
  CMake.

  Update the VERSION argument <min> value or use a ...<max> suffix to tell
  CMake that the project does not need compatibility with older versions.


-- Using these message generators: gencpp;geneus;genlisp;gennodejs;genpy
CMake Warning (dev) at /usr/local/share/cmake-3.22/Modules/FindPackageHandleStandardArgs.cmake:438 (message):
  The package name passed to `find_package_handle_standard_args` (PkgConfig)
  does not match the name of the calling package (gazebo).  This can lead to
  problems in calling code that expects `find_package` result variables
  (e.g., `_FOUND`) to follow a certain pattern.
Call Stack (most recent call first):
  /usr/local/share/cmake-3.22/Modules/FindPkgConfig.cmake:99 (find_package_handle_standard_args)
  /usr/lib/x86_64-linux-gnu/cmake/gazebo/gazebo-config.cmake:72 (include)
  unitree_ros/unitree_gazebo/CMakeLists.txt:17 (find_package)
This warning is for project developers.  Use -Wno-dev to suppress it.

-- Found DART: /usr/include (Required is at least version "6.6") found components: dart 
-- Found Boost: /usr/local/include (found suitable version "1.67.0", minimum required is "1.40.0") found components: thread system filesystem program_options regex iostreams date_time chrono atomic 
-- Found Protobuf: /usr/lib/x86_64-linux-gnu/libprotobuf.so;-lpthread (found version "3.6.1") 
-- Looking for ignition-math6 -- found version 6.15.1
-- Searching for dependencies of ignition-math6
-- Looking for OGRE...
-- Found Ogre Ghadamon (1.9.0)
-- Found OGRE: optimized;/usr/lib/x86_64-linux-gnu/libOgreMain.so;debug;/usr/lib/x86_64-linux-gnu/libOgreMain.so
CMake Warning (dev) at /usr/local/share/cmake-3.22/Modules/FindBoost.cmake:1496 (if):
  Policy CMP0054 is not set: Only interpret if() arguments as variables or
  keywords when unquoted.  Run "cmake --help-policy CMP0054" for policy
  details.  Use the cmake_policy command to set the policy and suppress this
  warning.

  Quoted variables like "chrono" will no longer be dereferenced when the
  policy is set to NEW.  Since the policy is not set the OLD behavior will be
  used.
Call Stack (most recent call first):
  /usr/local/share/cmake-3.22/Modules/FindBoost.cmake:2102 (_Boost_MISSING_DEPENDENCIES)
  /usr/share/OGRE/cmake/modules/FindOGRE.cmake:318 (find_package)
  /usr/lib/x86_64-linux-gnu/cmake/gazebo/gazebo-config.cmake:213 (find_package)
  unitree_ros/unitree_gazebo/CMakeLists.txt:17 (find_package)
This warning is for project developers.  Use -Wno-dev to suppress it.

-- Looking for OGRE_Paging...
-- Found OGRE_Paging: optimized;/usr/lib/x86_64-linux-gnu/libOgrePaging.so;debug;/usr/lib/x86_64-linux-gnu/libOgrePaging.so
-- Looking for OGRE_Terrain...
-- Found OGRE_Terrain: optimized;/usr/lib/x86_64-linux-gnu/libOgreTerrain.so;debug;/usr/lib/x86_64-linux-gnu/libOgreTerrain.so
-- Looking for OGRE_Property...
-- Found OGRE_Property: optimized;/usr/lib/x86_64-linux-gnu/libOgreProperty.so;debug;/usr/lib/x86_64-linux-gnu/libOgreProperty.so
-- Looking for OGRE_RTShaderSystem...
-- Found OGRE_RTShaderSystem: optimized;/usr/lib/x86_64-linux-gnu/libOgreRTShaderSystem.so;debug;/usr/lib/x86_64-linux-gnu/libOgreRTShaderSystem.so
-- Looking for OGRE_Volume...
-- Found OGRE_Volume: optimized;/usr/lib/x86_64-linux-gnu/libOgreVolume.so;debug;/usr/lib/x86_64-linux-gnu/libOgreVolume.so
-- Looking for OGRE_Overlay...
-- Found OGRE_Overlay: optimized;/usr/lib/x86_64-linux-gnu/libOgreOverlay.so;debug;/usr/lib/x86_64-linux-gnu/libOgreOverlay.so
-- Looking for ignition-math6 -- found version 6.15.1
-- Looking for ignition-transport8 -- found version 8.3.0
-- Searching for dependencies of ignition-transport8
-- Found Protobuf: /usr/lib/x86_64-linux-gnu/libprotobuf.so;-lpthread (found suitable version "3.6.1", minimum required is "3") 
-- Config-file not installed for ZeroMQ -- checking for pkg-config
-- Checking for module 'libzmq >= 4'
--   Found libzmq , version 4.3.2
-- Checking for module 'uuid'
--   Found uuid, version 2.34.0
-- Looking for ignition-msgs5 -- found version 5.10.0
-- Searching for dependencies of ignition-msgs5
-- Looking for ignition-math6 -- found version 6.15.1
-- Checking for module 'tinyxml2'
--   Found tinyxml2, version 9.0.0
-- Looking for ignition-msgs5 -- found version 5.10.0
-- Looking for ignition-common3 -- found version 3.14.2
-- Searching for dependencies of ignition-common3
-- Looking for dlfcn.h - found
-- Looking for libdl - found
-- Searching for <ignition-common3> component [graphics]
-- Looking for ignition-common3-graphics -- found version 3.14.2
-- Searching for dependencies of ignition-common3-graphics
-- Looking for ignition-math6 -- found version 6.15.1
-- Looking for ignition-fuel_tools4 -- found version 4.6.0
-- Searching for dependencies of ignition-fuel_tools4
-- Checking for module 'jsoncpp'
--   Found jsoncpp, version 1.7.4
-- Checking for module 'yaml-0.1'
--   Found yaml-0.1, version 0.2.2
-- Checking for module 'libzip'
--   Found libzip, version 1.5.1
-- Looking for ignition-common3 -- found version 3.14.2
-- Looking for ignition-math6 -- found version 6.15.1
-- Looking for ignition-msgs5 -- found version 5.10.0
-- +++ processing catkin package: 'unitree_guide'
-- ==> add_subdirectory(unitree_guide/unitree_guide)
-- Found Boost: /usr/local/include (found version "1.67.0")  
-- Using these message generators: gencpp;geneus;genlisp;gennodejs;genpy
-- Found Boost: /usr/local/include (found version "1.67.0") found components: system 
-- +++ processing catkin package: 'rl_l2gar'
-- ==> add_subdirectory(rl_l2gar)
-- Using these message generators: gencpp;geneus;genlisp;gennodejs;genpy
-- rl_l2gar: 2 messages, 0 services
-- Installing devel-space wrapper /home/liu_xu/liuxu_Documents/catkin_unitree/src/rl_l2gar/scripts/rl_l2g/rl_gazebo.py to /home/liu_xu/liuxu_Documents/catkin_unitree/devel/lib/rl_l2gar
-- +++ processing catkin package: 'unitree_move_base'
-- ==> add_subdirectory(unitree_guide/unitree_move_base)
CMake Deprecation Warning at unitree_guide/unitree_move_base/CMakeLists.txt:1 (cmake_minimum_required):
  Compatibility with CMake < 2.8.12 will be removed from a future version of
  CMake.

  Update the VERSION argument <min> value or use a ...<max> suffix to tell
  CMake that the project does not need compatibility with older versions.


-- Using these message generators: gencpp;geneus;genlisp;gennodejs;genpy
-- +++ processing catkin package: 'aliengoZ1_description'
-- ==> add_subdirectory(unitree_ros/robots/aliengoZ1_description)
WARNING: Package name "aliengoZ1_description" does not follow the naming conventions. It should start with a lower case letter and only contain lower case letters, digits, underscores, and dashes.
-- +++ processing catkin package: 'z1_description'
-- ==> add_subdirectory(unitree_ros/robots/z1_description)
-- Configuring done
-- Generating done
-- Build files have been written to: /home/liu_xu/liuxu_Documents/catkin_unitree/build
[  0%] Built target geometry_msgs_generate_messages_py
[  0%] Built target std_msgs_generate_messages_py
[  0%] Built target sensor_msgs_generate_messages_py
[  0%] Built target geometry_msgs_generate_messages_cpp
[  0%] Built target sensor_msgs_generate_messages_cpp
[  0%] Built target std_msgs_generate_messages_cpp
[  0%] Built target std_msgs_generate_messages_eus
[  0%] Built target _unitree_legged_msgs_generate_messages_check_deps_HighState
[  0%] Built target sensor_msgs_generate_messages_eus
[  0%] Built target geometry_msgs_generate_messages_eus
[  0%] Built target _unitree_legged_msgs_generate_messages_check_deps_Cartesian
[  0%] Built target std_msgs_generate_messages_lisp
[  0%] Built target _unitree_legged_msgs_generate_messages_check_deps_MotorState
[  0%] Built target _unitree_legged_msgs_generate_messages_check_deps_LowCmd
[  0%] Built target _unitree_legged_msgs_generate_messages_check_deps_LED
[  0%] Built target geometry_msgs_generate_messages_lisp
[  0%] Built target _unitree_legged_msgs_generate_messages_check_deps_MotorCmd
[  0%] Built target _unitree_legged_msgs_generate_messages_check_deps_HighCmd
[  0%] Built target sensor_msgs_generate_messages_lisp
[  0%] Built target geometry_msgs_generate_messages_nodejs
[  0%] Built target std_msgs_generate_messages_nodejs
[  0%] Built target _unitree_legged_msgs_generate_messages_check_deps_IMU
[  0%] Built target sensor_msgs_generate_messages_nodejs
[  0%] Built target roscpp_generate_messages_cpp
[  0%] Built target _unitree_legged_msgs_generate_messages_check_deps_LowState
[  0%] Built target roscpp_generate_messages_lisp
[  0%] Built target roscpp_generate_messages_eus
[  0%] Built target roscpp_generate_messages_nodejs
[  0%] Built target roscpp_generate_messages_py
[  0%] Built target rosgraph_msgs_generate_messages_lisp
[  0%] Built target rosgraph_msgs_generate_messages_cpp
[  0%] Built target rosgraph_msgs_generate_messages_eus
Consolidate compiler generated dependencies of target unitree_motor_ctrl_node
[  0%] Built target rosgraph_msgs_generate_messages_nodejs
[  0%] Built target rosgraph_msgs_generate_messages_py
Consolidate compiler generated dependencies of target WirelessHandler
[  1%] Built target unitree_motor_ctrl_node
Consolidate compiler generated dependencies of target unitree_external_force
[  1%] Built target tf_generate_messages_cpp
[  2%] Built target WirelessHandler
[  2%] Built target tf_generate_messages_nodejs
Consolidate compiler generated dependencies of target unitree_move_kinetic
[  2%] Built target tf_generate_messages_eus
[  2%] Built target tf_generate_messages_py
Consolidate compiler generated dependencies of target unitreeDrawForcePlugin
Consolidate compiler generated dependencies of target unitreeFootContactPlugin
[  4%] Built target unitree_external_force
[  4%] Built target tf_generate_messages_lisp
[  4%] Built target actionlib_generate_messages_eus
[  4%] Built target actionlib_generate_messages_cpp
[  4%] Built target actionlib_generate_messages_lisp
[  4%] Built target actionlib_generate_messages_nodejs
[  6%] Built target unitree_move_kinetic
[  6%] Built target actionlib_generate_messages_py
[  6%] Built target actionlib_msgs_generate_messages_cpp
[  6%] Built target actionlib_msgs_generate_messages_nodejs
[  6%] Built target tf2_msgs_generate_messages_cpp
[  6%] Built target actionlib_msgs_generate_messages_py
[  6%] Built target actionlib_msgs_generate_messages_eus
[  6%] Built target actionlib_msgs_generate_messages_lisp
[  9%] Built target unitreeDrawForcePlugin
[  9%] Built target unitreeFootContactPlugin
[  9%] Built target tf2_msgs_generate_messages_eus
[  9%] Built target tf2_msgs_generate_messages_lisp
[  9%] Built target tf2_msgs_generate_messages_nodejs
[  9%] Built target tf2_msgs_generate_messages_py
[  9%] Built target controller_manager_msgs_generate_messages_eus
[  9%] Built target controller_manager_msgs_generate_messages_lisp
[  9%] Built target controller_manager_msgs_generate_messages_cpp
[  9%] Built target controller_manager_msgs_generate_messages_nodejs
[  9%] Built target aliengoZ1_description_xacro_generated_to_devel_space_
[  9%] Built target controller_manager_msgs_generate_messages_py
[  9%] Built target z1_description_xacro_generated_to_devel_space_
[ 18%] Built target unitree_legged_msgs_generate_messages_py
[ 25%] Built target unitree_legged_msgs_generate_messages_cpp
[ 32%] Built target unitree_legged_msgs_generate_messages_lisp
[ 41%] Built target unitree_legged_msgs_generate_messages_eus
[ 48%] Built target unitree_legged_msgs_generate_messages_nodejs
[ 48%] Built target unitree_legged_msgs_gencpp
[ 48%] Built target unitree_legged_msgs_generate_messages
Consolidate compiler generated dependencies of target lcm_server_3_2
Consolidate compiler generated dependencies of target position_lcm
Consolidate compiler generated dependencies of target velocity_lcm
Consolidate compiler generated dependencies of target torque_lcm
Consolidate compiler generated dependencies of target walk_lcm
[ 48%] Built target _rl_l2gar_generate_messages_check_deps_LowState_rl
Consolidate compiler generated dependencies of target unitree_controller
[ 50%] Built target lcm_server_3_2
[ 52%] Built target velocity_lcm
[ 52%] Built target _rl_l2gar_generate_messages_check_deps_userValue_msg
[ 54%] Built target position_lcm
Consolidate compiler generated dependencies of target unitree_legged_control
[ 56%] Built target torque_lcm
[ 58%] Built target walk_lcm
[ 59%] Built target unitree_controller
[ 61%] Built target rl_l2gar_generate_messages_py
[ 62%] Built target rl_l2gar_generate_messages_cpp
[ 64%] Built target rl_l2gar_generate_messages_eus
[ 67%] Built target rl_l2gar_generate_messages_lisp
[ 68%] Built target unitree_legged_control
[ 70%] Built target rl_l2gar_generate_messages_nodejs
Consolidate compiler generated dependencies of target unitree_servo
[ 70%] Built target rl_l2gar_generate_messages
[ 71%] Built target unitree_servo
Consolidate compiler generated dependencies of target rl_real_node
[ 74%] Built target rl_real_node
Consolidate compiler generated dependencies of target junior_ctrl
[ 75%] Linking CXX executable /home/liu_xu/liuxu_Documents/catkin_unitree/devel/lib/unitree_guide/junior_ctrl
[100%] Built target junior_ctrl
WARNING: Package name "aliengoZ1_description" does not follow the naming conventions. It should start with a lower case letter and only contain lower case letters, digits, underscores, and dashes.
Base path: /home/liu_xu/liuxu_Documents/catkin_unitree
Source space: /home/liu_xu/liuxu_Documents/catkin_unitree/src
Build space: /home/liu_xu/liuxu_Documents/catkin_unitree/build
Devel space: /home/liu_xu/liuxu_Documents/catkin_unitree/devel
Install space: /home/liu_xu/liuxu_Documents/catkin_unitree/install
####
#### Running command: "make cmake_check_build_system" in "/home/liu_xu/liuxu_Documents/catkin_unitree/build"
####
####
#### Running command: "make -j12 -l12" in "/home/liu_xu/liuxu_Documents/catkin_unitree/build"
####
